[00:16:15], uragnite shell
[00:16:15], broken willow fishing rod
[00:16:15], pebble
[00:16:15], handful of fish scales
[00:16:15], vongola clam
[00:16:15], vongola clam
[00:16:15], nebimonite
[00:20:40], piece of oxblood
[00:20:40], uragnite shell
[00:20:40], bibiki slug
[00:20:40], bibiki slug
[00:20:40], bibiki slug
[00:20:40], clump of pamtam kelp
[00:20:40], clump of pamtam kelp
[00:23:42], handful of pugil scales
[00:23:42], jacknife
[00:23:42], jacknife
[00:23:42], nebimonite
[00:23:42], shall shell
[00:23:42], shall shell
[00:28:56], hobgoblin pie
[00:28:56], handful of pugil scales
[00:28:56], bibiki slug
[00:28:56], bibiki slug
[00:28:56], pebble
[00:28:56], pebble
[00:28:56], sack of white sand
[00:28:56], goblin mask
[00:32:20], lacquer tree log
[00:32:20], pebble
[00:32:20], pebble
[00:32:20], loaf of hobgoblin bread
[00:32:20], clump of pamtam kelp
[00:37:18], handful of high-quality pugil scales
[00:37:18], maple log
[00:37:18], clump of pamtam kelp
[00:37:18], seashell
[00:37:18], pebble
[00:37:18], nebimonite
[00:37:18], vongola clam
[00:39:47], handful of high-quality pugil scales
[00:39:47], handful of pugil scales
[00:39:47], vongola clam
[00:39:47], pebble
[00:39:47], bibiki slug
[00:39:47], suit of goblin mail
[08:53:32], turtle shell
[08:53:32], bibiki urchin
[08:53:32], loaf of hobgoblin bread
[08:53:32], pebble
[08:53:32], handful of pugil scales
[08:53:32], shall shell
[08:53:32], shall shell
[09:12:00], jacknife
[09:12:00], titanictus shell
[09:12:00], nebimonite
[09:12:00], pebble
[09:12:00], bibiki slug
[09:12:00], bibiki slug
[09:12:00], goblin mask
[09:55:48], hobgoblin pie
[09:55:48], handful of pugil scales
[09:55:48], nebimonite
[09:55:48], nebimonite
[09:55:48], jacknife
[09:55:48], jacknife
[09:55:48], jacknife
[09:55:48], jacknife
[09:55:48], pebble
[09:55:48], pebble
[09:55:48], vongola clam
[09:55:48], bibiki slug
[09:55:48], bibiki slug
[11:18:03], seashell
[11:18:03], tropical clam
[11:18:03], jacknife
[11:18:03], clump of pamtam kelp
[11:18:03], clump of pamtam kelp
[11:18:03], nebimonite
[11:18:03], pebble
[11:18:03], pebble
[11:18:03], bibiki slug
[11:18:03], bibiki slug
[11:18:03], loaf of hobgoblin bread
[11:41:00], tropical clam
[11:41:00], pebble
[11:41:00], vongola clam
[11:41:00], shall shell
[11:45:56], hobgoblin pie
[11:45:56], maple log
[11:45:56], maple log
[11:45:56], broken willow fishing rod
[11:45:56], suit of goblin armor
[11:45:56], bibiki urchin
[11:45:56], clump of pamtam kelp
[11:45:56], clump of pamtam kelp
[11:45:56], clump of pamtam kelp
[11:45:56], pebble
[11:45:56], sack of white sand
[11:45:56], jacknife
[11:45:56], jacknife
[21:12:50], vongola clam
[21:12:50], jacknife
[21:12:50], jacknife
[21:12:50], handful of pugil scales
[21:12:50], handful of pugil scales
[21:12:50], clump of pamtam kelp
[21:12:50], clump of pamtam kelp
[21:12:50], bibiki slug
[21:12:50], bibiki slug
[21:12:50], pebble
[21:12:50], pebble
[21:12:50], pebble
[21:12:50], pebble
[21:12:50], sack of white sand
[21:12:50], goblin mask
[21:16:58], elm log
[21:16:58], clump of pamtam kelp
[21:16:58], pebble
[21:16:58], suit of goblin armor
[21:16:58], shall shell
[21:16:58], crab shell
[21:48:14], suit of goblin armor
[21:48:14], jacknife
[21:48:14], broken willow fishing rod
[21:48:14], clump of pamtam kelp
[21:48:14], pebble
[21:48:14], pebble
[21:48:14], pebble
[21:48:14], pebble
[21:48:14], pebble
[21:48:14], pebble
[21:48:14], pebble
[21:48:14], bibiki slug
[21:48:14], bibiki slug
[21:48:14], nebimonite
[21:54:46], handful of high-quality pugil scales
[21:54:46], maple log
[21:54:46], clump of pamtam kelp
[21:54:46], clump of pamtam kelp
[21:54:46], bibiki slug
[21:54:46], bibiki slug
[21:54:46], bibiki slug
[21:54:46], shall shell
[21:54:46], shall shell
[21:54:46], goblin mask
[21:54:46], pebble
[21:54:46], handful of pugil scales
[21:54:46], jacknife
[21:54:46], jacknife
[21:54:46], jacknife
[21:57:53], loaf of hobgoblin bread
[21:57:53], coral fragment
[21:57:53], shall shell
[21:57:53], sack of white sand
[21:57:53], petrified log
