[06:39:51], uragnite shell
[06:39:51], handful of pugil scales
[06:39:51], clump of pamtam kelp
[06:39:51], clump of pamtam kelp
[06:39:51], clump of pamtam kelp
[06:39:51], handful of fish scales
[06:39:51], handful of fish scales
[06:39:51], handful of fish scales
[06:39:51], vongola clam
[06:39:51], vongola clam
[06:39:51], shall shell
[06:39:51], bibiki urchin
[06:39:51], seashell
[06:39:51], pebble
[06:39:51], pebble
[06:39:51], bibiki slug
[06:39:51], bibiki slug
[06:39:51], bibiki slug
[06:39:51], bibiki slug
[06:47:28], bibiki slug
[06:47:28], tropical clam
[06:47:28], jacknife
[06:47:28], clump of pamtam kelp
[06:47:28], loaf of hobgoblin bread
[06:47:28], loaf of hobgoblin bread
[06:47:28], pebble
[06:47:28], pebble
[06:47:28], pebble
[06:47:28], nebimonite
[06:47:28], shall shell
[06:47:28], shall shell
[06:55:02], handful of high-quality pugil scales
[06:55:02], jacknife
[06:55:02], jacknife
[06:55:02], jacknife
[06:55:02], clump of pamtam kelp
[06:55:02], handful of fish scales
[06:55:02], nebimonite
[06:55:02], suit of goblin mail
[06:55:02], suit of goblin mail
[06:55:02], loaf of hobgoblin bread
[06:55:02], suit of goblin armor
[06:55:02], maple log
[06:55:02], maple log
[06:55:02], pebble
[06:55:02], pebble
[06:55:02], pebble
[06:55:02], pebble
[06:55:02], bibiki slug
[06:55:02], bibiki slug
[06:55:02], bibiki slug
[06:55:02], bibiki slug
[06:55:02], crab shell
[06:58:25], high-quality crab shell
[06:58:25], handful of pugil scales
[06:58:25], clump of pamtam kelp
[06:58:25], clump of pamtam kelp
[06:58:25], handful of fish scales
[06:58:25], pebble
[06:58:25], bibiki slug
[06:58:25], goblin mask
[07:00:54], seashell
[07:00:54], broken willow fishing rod
[07:00:54], handful of pugil scales
[07:00:54], coral fragment
[07:00:54], clump of pamtam kelp
[07:00:54], suit of goblin armor
[07:00:54], bibiki slug
[07:00:54], pebble
[07:26:58], lacquer tree log
[07:26:58], tropical clam
[07:26:58], maple log
[07:34:20], elm log
[07:34:20], clump of pamtam kelp
[07:34:20], suit of goblin armor
[07:34:20], vongola clam
[07:34:20], goblin mask
[07:34:20], loaf of hobgoblin bread
[07:34:20], loaf of hobgoblin bread
[07:34:20], pebble
[07:34:20], pebble
[07:34:20], pebble
[07:34:20], broken willow fishing rod
[07:34:20], bibiki slug
[07:34:20], bibiki slug
[07:34:20], bibiki slug
[07:34:20], bibiki slug
[07:45:38], tropical clam
[07:45:38], jacknife
[07:45:38], seashell
[07:45:38], vongola clam
[07:45:38], vongola clam
[07:45:38], pebble
[07:45:38], pebble
[07:45:38], bibiki slug
[07:45:38], bibiki slug
[07:45:38], shall shell
[07:45:38], shall shell
[07:54:10], hobgoblin pie
[07:54:10], jacknife
[07:54:10], suit of goblin armor
[07:54:10], bibiki slug
[07:54:10], bibiki slug
[07:54:10], shall shell
[07:54:10], shall shell
[07:54:10], seashell
[07:54:10], pebble
[07:54:10], pebble
[07:54:10], sack of white sand
[07:54:10], sack of white sand
[07:54:10], vongola clam
[07:54:10], vongola clam
[08:01:56], elm log
[08:01:56], handful of fish scales
[08:01:56], vongola clam
[08:01:56], shall shell
[08:01:56], bibiki slug
[08:01:56], seashell
[08:01:56], seashell
[08:01:56], nebimonite
[08:01:56], nebimonite
[08:01:56], pebble
[08:01:56], pebble
[08:01:56], pebble
[08:01:56], jacknife
[08:01:56], handful of pugil scales
[09:13:12], jacknife
[09:13:12], handful of pugil scales
[09:13:12], handful of fish scales
[09:13:12], nebimonite
[09:13:12], suit of goblin armor
[09:19:13], clump of pamtam kelp
[09:19:13], clump of pamtam kelp
[09:19:13], coral fragment
[09:19:13], pebble
[09:19:13], bibiki slug
[09:19:13], shall shell
[12:58:00], bibiki slug
[12:58:00], bibiki slug
[12:58:00], bibiki slug
[12:58:00], jacknife
[12:58:00], jacknife
[12:58:00], jacknife
[12:58:00], jacknife
[12:58:00], jacknife
[12:58:00], clump of pamtam kelp
[12:58:00], clump of pamtam kelp
[12:58:00], handful of fish scales
[12:58:00], handful of fish scales
[12:58:00], pebble
[12:58:00], pebble
[12:58:00], pebble
[12:58:00], pebble
[12:58:00], vongola clam
[12:58:00], vongola clam
[12:58:00], vongola clam
[12:58:00], vongola clam
[12:58:00], shall shell
[13:02:12], hobgoblin pie
[13:02:12], uragnite shell
[13:02:12], clump of pamtam kelp
[13:02:12], sack of white sand
[13:02:12], vongola clam
[14:16:36], hobgoblin pie
[14:16:36], jacknife
[14:16:36], jacknife
[14:16:36], jacknife
[14:16:36], jacknife
[14:16:36], jacknife
[14:16:36], broken willow fishing rod
[14:16:36], handful of fish scales
[14:16:36], nebimonite
[14:16:36], vongola clam
[14:16:36], seashell
[14:16:36], coral fragment
[14:16:36], pebble
[14:16:36], pebble
[14:16:36], pebble
[14:16:36], pebble
[14:16:36], pebble
[14:16:36], handful of pugil scales
[14:16:36], bibiki slug
[14:16:36], bibiki slug
[14:19:59], hobgoblin pie
[14:19:59], clump of pamtam kelp
[14:19:59], suit of goblin armor
[14:19:59], bibiki slug
[14:19:59], suit of goblin mail
[14:19:59], suit of goblin mail
[15:05:27], suit of goblin mail
[15:05:27], suit of goblin mail
[15:05:27], pebble
[15:05:27], vongola clam
[15:05:27], shall shell
[15:08:50], handful of high-quality pugil scales
[15:08:50], jacknife
[15:08:50], broken willow fishing rod
[15:08:50], pebble
[15:08:50], pebble
[15:08:50], suit of goblin armor
[15:13:16], piece of oxblood
[15:13:16], handful of fish scales
[15:13:16], pebble
[15:13:16], pebble
[15:13:16], bibiki slug
[15:13:16], goblin mask
[15:16:21], piece of oxblood
[15:16:21], handful of pugil scales
[15:16:21], clump of pamtam kelp
[15:16:21], pebble
[15:16:21], pebble
[15:16:21], vongola clam
[15:22:29], handful of pugil scales
[15:22:29], handful of pugil scales
[15:22:29], clump of pamtam kelp
[15:22:29], clump of pamtam kelp
[15:22:29], suit of goblin armor
[15:22:29], vongola clam
[15:22:29], goblin mask
[15:22:29], loaf of hobgoblin bread
[15:22:29], shall shell
[15:22:29], pebble
[15:22:29], pebble
[15:22:29], pebble
[15:22:29], pebble
[15:22:29], bibiki slug
[15:22:29], bibiki slug
[15:22:29], jacknife
[15:28:19], hobgoblin pie
[15:28:19], handful of pugil scales
[15:28:19], handful of pugil scales
[15:28:19], clump of pamtam kelp
[15:28:19], handful of fish scales
[15:28:19], handful of fish scales
[15:28:19], bibiki slug
[15:28:19], bibiki slug
[15:28:19], shall shell
[15:28:19], loaf of hobgoblin bread
[15:28:19], seashell
[15:28:19], pebble
[15:28:19], broken willow fishing rod
[15:28:19], jacknife
[15:28:19], jacknife
[15:28:19], jacknife
[16:50:38], tropical clam
[16:50:38], suit of goblin armor
[16:50:38], pebble
[16:50:38], pebble
[16:50:38], handful of fish scales
[16:55:34], broken willow fishing rod
[16:55:34], shall shell
[16:55:34], jacknife
[16:55:34], crab shell
[16:55:34], crab shell
[16:55:34], crab shell
[16:58:18], broken willow fishing rod
[16:58:18], seashell
[16:58:18], clump of pamtam kelp
[16:58:18], handful of fish scales
[16:58:18], sack of white sand
[16:58:18], suit of goblin mail
[17:15:11], handful of pugil scales
[17:15:11], jacknife
[17:15:11], suit of goblin mail
[17:15:11], goblin mask
[17:15:11], bibiki slug
[17:15:11], shall shell
[17:21:46], handful of pugil scales
[17:21:46], broken willow fishing rod
[17:21:46], handful of fish scales
[17:21:46], bibiki slug
[17:21:46], shall shell
[17:21:46], shall shell
[17:21:46], shall shell
[17:21:46], shall shell
[17:21:46], seashell
[17:21:46], seashell
[17:21:46], goblin mask
[17:21:46], pebble
[17:21:46], pebble
[17:21:46], nebimonite
[17:21:46], suit of goblin armor
[17:21:46], suit of goblin armor
[17:24:41], turtle shell
[17:24:41], bibiki urchin
[17:24:41], handful of fish scales
[17:24:41], pebble
[17:24:41], bibiki slug
[17:24:41], shall shell
[17:27:20], coral fragment
[17:27:20], handful of fish scales
[17:27:20], handful of fish scales
[17:27:20], suit of goblin armor
[17:27:20], sack of white sand
[17:27:20], goblin mask
[17:33:32], handful of pugil scales
[17:33:32], coral fragment
[17:33:32], bibiki slug
[17:33:32], bibiki slug
[17:33:32], seashell
[17:33:32], vongola clam
[17:33:32], shall shell
[17:36:03], bibiki urchin
[17:36:03], loaf of hobgoblin bread
[17:36:03], pebble
[17:36:03], pebble
[17:36:03], jacknife
[17:36:03], handful of pugil scales
[17:38:39], handful of pugil scales
[17:38:39], titanictus shell
[17:38:39], bibiki slug
[17:38:39], bibiki slug
[17:38:39], pebble
[17:38:39], vongola clam
[17:38:39], suit of goblin mail
[17:43:45], turtle shell
[17:43:45], goblin mask
[17:43:45], handful of pugil scales
[17:43:45], handful of fish scales
[17:43:45], handful of fish scales
[17:43:45], jacknife
[17:43:45], jacknife
[17:43:45], jacknife
[17:43:45], pebble
[17:43:45], pebble
[17:43:45], pebble
[17:43:45], bibiki slug
[17:43:45], suit of goblin mail
[17:51:14], suit of goblin armor
[17:51:14], clump of pamtam kelp
[17:51:14], seashell
[17:51:14], pebble
[17:51:14], pebble
[17:51:14], bibiki slug
[17:51:14], bibiki slug
[17:51:14], crab shell
[18:00:16], handful of high-quality pugil scales
[18:00:16], elm log
[18:00:16], clump of pamtam kelp
[18:00:16], suit of goblin armor
[18:00:16], vongola clam
[18:00:16], vongola clam
[18:00:16], seashell
[18:00:16], seashell
[18:00:16], turtle shell
[18:00:16], pebble
[18:00:16], pebble
[18:00:16], sack of white sand
[18:00:16], broken willow fishing rod
[18:26:27], handful of pugil scales
[18:26:27], jacknife
[18:26:27], jacknife
[18:26:27], coral fragment
[18:28:55], turtle shell
[18:28:55], bibiki urchin
[18:28:55], clump of pamtam kelp
[18:28:55], handful of fish scales
[18:28:55], vongola clam
[18:28:55], shall shell
[18:30:38], suit of goblin armor
[18:30:38], tropical clam
[18:30:38], pebble
[18:37:55], handful of pugil scales
[18:37:55], clump of pamtam kelp
[18:37:55], bibiki slug
[18:37:55], bibiki slug
[18:37:55], goblin mask
[18:37:55], bibiki urchin
[18:37:55], suit of goblin mail
[18:37:55], pebble
[18:37:55], pebble
[18:37:55], pebble
[18:37:55], pebble
[18:37:55], sack of white sand
[18:37:55], jacknife
[18:37:55], jacknife
[18:46:17], handful of pugil scales
[18:46:17], suit of goblin mail
[18:46:17], pebble
[18:46:17], jacknife
[18:46:17], shall shell
[18:55:35], jacknife
[18:55:35], jacknife
[18:55:35], broken willow fishing rod
[18:55:35], handful of fish scales
[18:55:35], handful of fish scales
[18:55:35], vongola clam
[18:55:35], shall shell
[18:55:35], loaf of hobgoblin bread
[18:55:35], loaf of hobgoblin bread
[18:55:35], clump of pamtam kelp
[18:55:35], pebble
[18:55:35], goblin mask
[18:55:35], goblin mask
[18:55:35], bibiki slug
[18:55:35], bibiki slug
[18:55:35], bibiki slug
[19:27:34], turtle shell
[19:27:34], vongola clam
[19:27:34], goblin mask
[19:27:34], pebble
[19:27:34], bibiki slug
[19:27:34], shall shell
[19:34:15], jacknife
[19:34:15], jacknife
[19:34:15], clump of pamtam kelp
[19:34:15], bibiki slug
[19:34:15], shall shell
[19:34:15], loaf of hobgoblin bread
[19:34:15], goblin mask
[19:34:15], goblin mask
[19:34:15], goblin mask
[19:34:15], goblin mask
[19:34:15], pebble
[19:34:15], broken willow fishing rod
[19:34:15], handful of pugil scales
[19:39:20], turtle shell
[19:39:20], handful of pugil scales
[19:39:20], coral fragment
[19:39:20], pebble
[19:39:20], pebble
[19:39:20], sack of white sand
[19:42:58], clump of pamtam kelp
[19:42:58], pebble
[19:42:58], vongola clam
[19:42:58], suit of goblin mail
[19:42:58], suit of goblin mail
[19:46:14], handful of fish scales
[19:46:14], handful of pugil scales
[19:46:14], clump of pamtam kelp
[19:46:14], goblin mask
[19:46:14], pebble
[19:46:14], vongola clam
[19:46:14], vongola clam
[19:46:14], shall shell
[19:48:51], turtle shell
[19:48:51], jacknife
[19:48:51], broken willow fishing rod
[19:48:51], handful of fish scales
[19:48:51], handful of fish scales
[19:48:51], pebble
[19:48:51], pebble
[19:54:00], hobgoblin pie
[19:54:00], hobgoblin pie
[19:54:00], handful of pugil scales
[19:54:00], clump of pamtam kelp
[19:54:00], handful of fish scales
[19:54:00], titanictus shell
[19:54:00], shall shell
[19:54:00], turtle shell
[19:54:00], piece of oxblood
[19:54:00], pebble
[19:54:00], pebble
[19:54:00], jacknife
[19:54:00], jacknife
[19:54:00], maple log
[19:59:28], jacknife
[19:59:28], jacknife
[19:59:28], broken willow fishing rod
[19:59:28], handful of fish scales
[19:59:28], handful of fish scales
[19:59:28], bibiki slug
[19:59:28], handful of pugil scales
[20:04:28], handful of high-quality pugil scales
[20:04:28], suit of goblin armor
[20:04:28], bibiki slug
[20:04:28], bibiki slug
[20:04:28], goblin mask
[20:04:28], goblin mask
[20:04:28], bibiki urchin
[20:04:28], seashell
[20:04:28], tropical clam
[20:04:28], nebimonite
[20:04:28], sack of white sand
[20:04:28], sack of white sand
[20:04:28], crab shell
[20:07:03], jacknife
[20:07:03], handful of pugil scales
[20:07:03], coral fragment
[20:07:03], handful of fish scales
[20:07:03], suit of goblin armor
[20:07:03], bibiki slug
[20:07:03], shall shell
[20:12:26], hobgoblin pie
[20:12:26], jacknife
[20:12:26], jacknife
[20:12:26], broken willow fishing rod
[20:12:26], handful of fish scales
[20:12:26], handful of fish scales
[20:12:26], titanictus shell
[20:12:26], handful of pugil scales
[20:12:26], bibiki slug
[20:12:26], bibiki slug
[20:12:26], pebble
[20:12:26], pebble
[20:12:26], pebble
[20:12:26], nebimonite
[20:12:26], nebimonite
[20:12:26], maple log
[20:14:57], jacknife
[20:14:57], broken willow fishing rod
[20:14:57], pebble
[20:14:57], handful of fish scales
[20:14:57], titanictus shell
[20:14:57], suit of goblin mail
[20:17:48], high-quality crab shell
[20:17:48], pebble
[20:17:48], pebble
[20:17:48], sack of white sand
[20:17:48], vongola clam
[20:17:48], vongola clam
