[17:11:02], turtle shell
[17:11:02], handful of pugil scales
[17:11:02], handful of pugil scales
[17:11:02], sack of white sand
[17:11:02], suit of goblin armor
[17:11:02], bibiki slug
[17:11:02], shall shell
[17:11:02], shall shell
[18:02:12], turtle shell
[18:02:12], hobgoblin pie
[18:02:12], vongola clam
[18:02:12], seashell
[18:02:12], titanictus shell
[18:02:12], handful of fish scales
[18:02:12], bibiki slug
[18:02:12], bibiki slug
[18:02:12], coral fragment
[18:36:23], jacknife
[18:36:23], jacknife
[18:36:23], jacknife
[18:36:23], jacknife
[18:36:23], clump of pamtam kelp
[18:36:23], handful of fish scales
[18:36:23], bibiki slug
[18:36:23], goblin mask
[18:36:23], loaf of hobgoblin bread
[18:36:23], maple log
[18:36:23], pebble
[18:36:23], pebble
[18:36:23], shall shell
[18:36:23], vongola clam
[19:00:48], jacknife
[19:00:48], jacknife
[19:00:48], coral fragment
[19:00:48], handful of fish scales
[19:00:48], bibiki slug
[19:00:48], bibiki slug
[19:00:48], bibiki slug
[19:00:48], bibiki slug
[19:00:48], bibiki slug
[19:00:48], maple log
[19:00:48], maple log
[19:00:48], handful of pugil scales
[19:00:48], handful of pugil scales
[19:00:48], pebble
[19:00:48], pebble
[19:00:48], sack of white sand
[19:00:48], clump of pamtam kelp
[19:26:10], hobgoblin pie
[19:26:10], handful of pugil scales
[19:26:10], broken willow fishing rod
[19:26:10], handful of fish scales
[19:26:10], handful of fish scales
[19:26:10], goblin mask
[19:26:10], goblin mask
[19:26:10], goblin mask
[19:26:10], bibiki urchin
[19:26:10], bibiki urchin
[19:26:10], jacknife
[19:26:10], turtle shell
[19:26:10], clump of pamtam kelp
[19:26:10], pebble
[19:26:10], sack of white sand
[19:26:10], maple log
[21:37:02], hobgoblin pie
[21:37:02], suit of goblin mail
[21:37:02], maple log
[21:37:02], jacknife
[21:37:02], bibiki slug
[21:37:02], pebble
[21:37:02], pebble
[21:37:02], pebble
[21:37:02], pebble
[21:37:02], vongola clam
[21:37:02], vongola clam
[21:37:02], shall shell
[21:38:29], pebble
[21:38:29], bibiki urchin
[21:38:29], suit of goblin mail
[21:44:29], hobgoblin pie
[21:44:29], jacknife
[21:44:29], clump of pamtam kelp
[21:44:29], clump of pamtam kelp
[21:44:29], suit of goblin mail
[21:44:29], petrified log
[21:53:31], shall shell
[21:53:31], broken willow fishing rod
[21:53:31], vongola clam
[21:53:31], pebble
[21:53:31], bibiki slug
[21:53:31], bibiki slug
[21:53:31], suit of goblin mail
[21:53:31], suit of goblin mail
[22:08:44], jacknife
[22:08:44], jacknife
[22:08:44], clump of pamtam kelp
[22:08:44], handful of fish scales
[22:08:44], handful of fish scales
[22:08:44], handful of fish scales
[22:08:44], nebimonite
[22:08:44], shall shell
[22:08:44], bibiki slug
[22:08:44], bibiki slug
[22:08:44], bibiki slug
[22:08:44], handful of pugil scales
[22:08:44], loaf of hobgoblin bread
[22:08:44], seashell
[22:08:44], titanictus shell
[22:08:44], pebble
[22:08:44], pebble
[22:08:44], pebble
[22:08:44], pebble
[22:08:44], pebble
[22:08:44], pebble
[22:08:44], sack of white sand
[22:08:44], petrified log
[22:23:52], high-quality crab shell
[22:23:52], jacknife
[22:23:52], seashell
[22:23:52], vongola clam
[22:23:52], sack of white sand
[22:23:52], handful of pugil scales
[22:23:52], handful of pugil scales
[22:26:50], clump of pamtam kelp
[22:26:50], handful of fish scales
[22:26:50], pebble
[22:26:50], pebble
[22:26:50], vongola clam
[22:26:50], vongola clam
[22:26:50], suit of goblin mail
[22:29:46], turtle shell
[22:29:46], handful of pugil scales
[22:29:46], pebble
[22:29:46], pebble
[22:29:46], bibiki slug
[22:29:46], bibiki slug
[22:29:46], vongola clam
[22:29:46], vongola clam
[22:35:06], hobgoblin pie
[22:35:06], hobgoblin pie
[22:35:06], jacknife
[22:35:06], jacknife
[22:35:06], goblin mask
[22:35:06], sack of white sand
[22:35:06], sack of white sand
[22:35:06], pebble
[22:35:06], pebble
[22:35:06], nebimonite
[22:35:06], nebimonite
[22:35:06], nebimonite
[22:35:06], suit of goblin mail
[22:48:16], sack of white sand
[22:48:16], bibiki urchin
[22:48:16], vongola clam
[22:48:16], vongola clam
[22:48:16], clump of pamtam kelp
[22:48:16], handful of fish scales
[22:48:16], pebble
[22:48:16], pebble
[22:48:16], pebble
[22:48:16], pebble
[22:48:16], pebble
[22:48:16], nebimonite
[22:48:16], crab shell
[22:48:16], crab shell
[22:48:16], crab shell
